<?xml version="1.0" encoding="UTF-8"?>
<coverage generated="1736808848956" clover="3.2.0">
  <project timestamp="1736808848956" name="All files">
    <metrics statements="192" coveredstatements="85" conditionals="80" coveredconditionals="39" methods="30" coveredmethods="18" elements="302" coveredelements="142" complexity="0" loc="192" ncloc="192" packages="3" files="5" classes="5"/>
    <package name="lib">
      <metrics statements="91" coveredstatements="85" conditionals="46" coveredconditionals="39" methods="18" coveredmethods="18"/>
      <file name="analyzers.ts" path="/Users/jay/Development/3DNProjects/sanitizer/src/lib/analyzers.ts">
        <metrics statements="29" coveredstatements="27" conditionals="17" coveredconditionals="16" methods="3" coveredmethods="3"/>
        <line num="16" count="7" type="stmt"/>
        <line num="17" count="2" type="stmt"/>
        <line num="25" count="7" type="stmt"/>
        <line num="30" count="7" type="stmt"/>
        <line num="38" count="7" type="stmt"/>
        <line num="39" count="28" type="cond" truecount="1" falsecount="0"/>
        <line num="40" count="4" type="cond" truecount="3" falsecount="1"/>
        <line num="42" count="2" type="stmt"/>
        <line num="43" count="2" type="stmt"/>
        <line num="45" count="0" type="stmt"/>
        <line num="46" count="0" type="stmt"/>
        <line num="48" count="1" type="stmt"/>
        <line num="49" count="1" type="stmt"/>
        <line num="51" count="1" type="stmt"/>
        <line num="52" count="1" type="stmt"/>
        <line num="54" count="4" type="stmt"/>
        <line num="58" count="7" type="stmt"/>
        <line num="62" count="68" type="stmt"/>
        <line num="63" count="2" type="stmt"/>
        <line num="79" count="36" type="stmt"/>
        <line num="90" count="32" type="cond" truecount="3" falsecount="0"/>
        <line num="91" count="5" type="stmt"/>
        <line num="95" count="27" type="cond" truecount="3" falsecount="0"/>
        <line num="96" count="11" type="stmt"/>
        <line num="100" count="16" type="cond" truecount="3" falsecount="0"/>
        <line num="101" count="1" type="stmt"/>
        <line num="105" count="15" type="cond" truecount="3" falsecount="0"/>
        <line num="106" count="6" type="stmt"/>
        <line num="109" count="9" type="stmt"/>
      </file>
      <file name="patterns.ts" path="/Users/jay/Development/3DNProjects/sanitizer/src/lib/patterns.ts">
        <metrics statements="2" coveredstatements="2" conditionals="0" coveredconditionals="0" methods="0" coveredmethods="0"/>
        <line num="1" count="51" type="stmt"/>
        <line num="78" count="10" type="stmt"/>
      </file>
      <file name="sanitizer.ts" path="/Users/jay/Development/3DNProjects/sanitizer/src/lib/sanitizer.ts">
        <metrics statements="60" coveredstatements="56" conditionals="29" coveredconditionals="23" methods="15" coveredmethods="15"/>
        <line num="1" count="1" type="stmt"/>
        <line num="2" count="1" type="stmt"/>
        <line num="4" count="6" type="stmt"/>
        <line num="5" count="6" type="stmt"/>
        <line num="8" count="6" type="stmt"/>
        <line num="9" count="6" type="stmt"/>
        <line num="10" count="6" type="stmt"/>
        <line num="11" count="6" type="stmt"/>
        <line num="12" count="6" type="stmt"/>
        <line num="17" count="6" type="stmt"/>
        <line num="22" count="6" type="stmt"/>
        <line num="26" count="6" type="stmt"/>
        <line num="30" count="6" type="stmt"/>
        <line num="31" count="6" type="stmt"/>
        <line num="32" count="36" type="stmt"/>
        <line num="34" count="6" type="stmt"/>
        <line num="38" count="6" type="stmt"/>
        <line num="41" count="6" type="stmt"/>
        <line num="50" count="6" type="stmt"/>
        <line num="51" count="36" type="stmt"/>
        <line num="52" count="36" type="stmt"/>
        <line num="53" count="126" type="cond" truecount="2" falsecount="0"/>
        <line num="54" count="6" type="stmt"/>
        <line num="55" count="24" type="stmt"/>
        <line num="58" count="120" type="stmt"/>
        <line num="63" count="6" type="stmt"/>
        <line num="67" count="144" type="cond" truecount="2" falsecount="0"/>
        <line num="70" count="144" type="cond" truecount="3" falsecount="0"/>
        <line num="71" count="6" type="stmt"/>
        <line num="74" count="138" type="cond" truecount="3" falsecount="0"/>
        <line num="75" count="6" type="stmt"/>
        <line num="78" count="132" type="cond" truecount="3" falsecount="0"/>
        <line num="79" count="24" type="stmt"/>
        <line num="82" count="108" type="stmt"/>
        <line num="83" count="5" type="cond" truecount="3" falsecount="3"/>
        <line num="85" count="0" type="stmt"/>
        <line num="87" count="1" type="stmt"/>
        <line num="89" count="1" type="stmt"/>
        <line num="91" count="0" type="stmt"/>
        <line num="93" count="3" type="stmt"/>
        <line num="94" count="3" type="stmt"/>
        <line num="95" count="3" type="cond" truecount="1" falsecount="1"/>
        <line num="98" count="0" type="stmt"/>
        <line num="105" count="6" type="stmt"/>
        <line num="107" count="6" type="stmt"/>
        <line num="108" count="50" type="cond" truecount="1" falsecount="0"/>
        <line num="110" count="27" type="stmt"/>
        <line num="113" count="27" type="cond" truecount="1" falsecount="0"/>
        <line num="114" count="15" type="stmt"/>
        <line num="115" count="15" type="stmt"/>
        <line num="118" count="12" type="stmt"/>
        <line num="123" count="15" type="cond" truecount="1" falsecount="2"/>
        <line num="124" count="0" type="stmt"/>
        <line num="126" count="15" type="cond" truecount="1" falsecount="0"/>
        <line num="127" count="6" type="stmt"/>
        <line num="129" count="9" type="stmt"/>
        <line num="133" count="15" type="cond" truecount="2" falsecount="0"/>
        <line num="134" count="15" type="stmt"/>
        <line num="135" count="15" type="stmt"/>
        <line num="140" count="6" type="stmt"/>
      </file>
    </package>
    <package name="pages">
      <metrics statements="47" coveredstatements="0" conditionals="15" coveredconditionals="0" methods="8" coveredmethods="0"/>
      <file name="index.tsx" path="/Users/jay/Development/3DNProjects/sanitizer/src/pages/index.tsx">
        <metrics statements="47" coveredstatements="0" conditionals="15" coveredconditionals="0" methods="8" coveredmethods="0"/>
        <line num="1" count="0" type="stmt"/>
        <line num="3" count="0" type="stmt"/>
        <line num="5" count="0" type="stmt"/>
        <line num="6" count="0" type="stmt"/>
        <line num="7" count="0" type="stmt"/>
        <line num="8" count="0" type="stmt"/>
        <line num="9" count="0" type="stmt"/>
        <line num="11" count="0" type="stmt"/>
        <line num="12" count="0" type="cond" truecount="0" falsecount="1"/>
        <line num="13" count="0" type="stmt"/>
        <line num="14" count="0" type="stmt"/>
        <line num="17" count="0" type="cond" truecount="0" falsecount="1"/>
        <line num="18" count="0" type="stmt"/>
        <line num="19" count="0" type="stmt"/>
        <line num="22" count="0" type="stmt"/>
        <line num="23" count="0" type="stmt"/>
        <line num="24" count="0" type="stmt"/>
        <line num="25" count="0" type="stmt"/>
        <line num="27" count="0" type="stmt"/>
        <line num="28" count="0" type="stmt"/>
        <line num="30" count="0" type="stmt"/>
        <line num="31" count="0" type="stmt"/>
        <line num="33" count="0" type="stmt"/>
        <line num="34" count="0" type="cond" truecount="0" falsecount="1"/>
        <line num="35" count="0" type="stmt"/>
        <line num="36" count="0" type="stmt"/>
        <line num="40" count="0" type="stmt"/>
        <line num="41" count="0" type="stmt"/>
        <line num="42" count="0" type="cond" truecount="0" falsecount="2"/>
        <line num="43" count="0" type="stmt"/>
        <line num="45" count="0" type="stmt"/>
        <line num="46" count="0" type="stmt"/>
        <line num="47" count="0" type="stmt"/>
        <line num="49" count="0" type="stmt"/>
        <line num="53" count="0" type="stmt"/>
        <line num="54" count="0" type="stmt"/>
        <line num="57" count="0" type="stmt"/>
        <line num="59" count="0" type="cond" truecount="0" falsecount="2"/>
        <line num="61" count="0" type="stmt"/>
        <line num="62" count="0" type="stmt"/>
        <line num="66" count="0" type="stmt"/>
        <line num="67" count="0" type="stmt"/>
        <line num="68" count="0" type="cond" truecount="0" falsecount="1"/>
        <line num="69" count="0" type="stmt"/>
        <line num="73" count="0" type="stmt"/>
        <line num="153" count="0" type="stmt"/>
        <line num="194" count="0" type="stmt"/>
      </file>
    </package>
    <package name="pages.api">
      <metrics statements="54" coveredstatements="0" conditionals="19" coveredconditionals="0" methods="4" coveredmethods="0"/>
      <file name="process.ts" path="/Users/jay/Development/3DNProjects/sanitizer/src/pages/api/process.ts">
        <metrics statements="54" coveredstatements="0" conditionals="19" coveredconditionals="0" methods="4" coveredmethods="0"/>
        <line num="2" count="0" type="stmt"/>
        <line num="3" count="0" type="stmt"/>
        <line num="4" count="0" type="stmt"/>
        <line num="5" count="0" type="stmt"/>
        <line num="6" count="0" type="stmt"/>
        <line num="7" count="0" type="stmt"/>
        <line num="8" count="0" type="stmt"/>
        <line num="10" count="0" type="stmt"/>
        <line num="18" count="0" type="stmt"/>
        <line num="19" count="0" type="cond" truecount="0" falsecount="2"/>
        <line num="25" count="0" type="stmt"/>
        <line num="26" count="0" type="stmt"/>
        <line num="27" count="0" type="stmt"/>
        <line num="28" count="0" type="cond" truecount="0" falsecount="2"/>
        <line num="60" count="0" type="stmt"/>
        <line num="64" count="0" type="cond" truecount="0" falsecount="1"/>
        <line num="65" count="0" type="stmt"/>
        <line num="73" count="0" type="stmt"/>
        <line num="74" count="0" type="stmt"/>
        <line num="75" count="0" type="stmt"/>
        <line num="78" count="0" type="stmt"/>
        <line num="82" count="0" type="stmt"/>
        <line num="83" count="0" type="stmt"/>
        <line num="85" count="0" type="cond" truecount="0" falsecount="1"/>
        <line num="86" count="0" type="stmt"/>
        <line num="95" count="0" type="stmt"/>
        <line num="96" count="0" type="stmt"/>
        <line num="99" count="0" type="stmt"/>
        <line num="100" count="0" type="stmt"/>
        <line num="102" count="0" type="cond" truecount="0" falsecount="1"/>
        <line num="103" count="0" type="stmt"/>
        <line num="104" count="0" type="stmt"/>
        <line num="105" count="0" type="stmt"/>
        <line num="113" count="0" type="stmt"/>
        <line num="114" count="0" type="stmt"/>
        <line num="115" count="0" type="stmt"/>
        <line num="117" count="0" type="stmt"/>
        <line num="118" count="0" type="stmt"/>
        <line num="119" count="0" type="cond" truecount="0" falsecount="3"/>
        <line num="121" count="0" type="stmt"/>
        <line num="122" count="0" type="cond" truecount="0" falsecount="2"/>
        <line num="126" count="0" type="stmt"/>
        <line num="128" count="0" type="cond" truecount="0" falsecount="1"/>
        <line num="129" count="0" type="stmt"/>
        <line num="130" count="0" type="cond" truecount="0" falsecount="2"/>
        <line num="132" count="0" type="stmt"/>
        <line num="143" count="0" type="stmt"/>
        <line num="147" count="0" type="stmt"/>
        <line num="148" count="0" type="stmt"/>
        <line num="150" count="0" type="stmt"/>
        <line num="151" count="0" type="stmt"/>
        <line num="160" count="0" type="stmt"/>
        <line num="161" count="0" type="stmt"/>
        <line num="170" count="0" type="stmt"/>
      </file>
    </package>
  </project>
</coverage>
