{"/Users/jay/Development/3DNProjects/sanitizer/src/lib/analyzers.ts": {"path":"/Users/jay/Development/3DNProjects/sanitizer/src/lib/analyzers.ts","statementMap":{"0":{"start":{"line":16,"column":13},"end":{"line":16,"column":28}},"1":{"start":{"line":62,"column":13},"end":{"line":62,"column":26}},"2":{"start":{"line":17,"column":17},"end":{"line":22,"column":null}},"3":{"start":{"line":25,"column":28},"end":{"line":27,"column":null}},"4":{"start":{"line":30,"column":29},"end":{"line":35,"column":null}},"5":{"start":{"line":38,"column":4},"end":{"line":56,"column":null}},"6":{"start":{"line":39,"column":6},"end":{"line":55,"column":null}},"7":{"start":{"line":40,"column":8},"end":{"line":53,"column":null}},"8":{"start":{"line":42,"column":12},"end":{"line":42,"column":null}},"9":{"start":{"line":43,"column":12},"end":{"line":43,"column":null}},"10":{"start":{"line":45,"column":12},"end":{"line":45,"column":null}},"11":{"start":{"line":46,"column":12},"end":{"line":46,"column":null}},"12":{"start":{"line":48,"column":12},"end":{"line":48,"column":null}},"13":{"start":{"line":49,"column":12},"end":{"line":49,"column":null}},"14":{"start":{"line":51,"column":12},"end":{"line":51,"column":null}},"15":{"start":{"line":52,"column":12},"end":{"line":52,"column":null}},"16":{"start":{"line":54,"column":8},"end":{"line":54,"column":null}},"17":{"start":{"line":58,"column":4},"end":{"line":58,"column":null}},"18":{"start":{"line":63,"column":17},"end":{"line":76,"column":null}},"19":{"start":{"line":79,"column":4},"end":{"line":85,"column":null}},"20":{"start":{"line":90,"column":4},"end":{"line":92,"column":null}},"21":{"start":{"line":91,"column":6},"end":{"line":91,"column":null}},"22":{"start":{"line":95,"column":4},"end":{"line":97,"column":null}},"23":{"start":{"line":96,"column":6},"end":{"line":96,"column":null}},"24":{"start":{"line":100,"column":4},"end":{"line":102,"column":null}},"25":{"start":{"line":101,"column":6},"end":{"line":101,"column":null}},"26":{"start":{"line":105,"column":4},"end":{"line":107,"column":null}},"27":{"start":{"line":106,"column":6},"end":{"line":106,"column":null}},"28":{"start":{"line":109,"column":4},"end":{"line":109,"column":null}}},"fnMap":{"0":{"name":"(anonymous_3)","decl":{"start":{"line":24,"column":2},"end":{"line":24,"column":9}},"loc":{"start":{"line":24,"column":81},"end":{"line":59,"column":null}}},"1":{"name":"(anonymous_4)","decl":{"start":{"line":78,"column":2},"end":{"line":78,"column":9}},"loc":{"start":{"line":78,"column":52},"end":{"line":86,"column":null}}},"2":{"name":"(anonymous_5)","decl":{"start":{"line":88,"column":2},"end":{"line":88,"column":9}},"loc":{"start":{"line":88,"column":78},"end":{"line":110,"column":null}}}},"branchMap":{"0":{"loc":{"start":{"line":39,"column":6},"end":{"line":55,"column":null}},"type":"if","locations":[{"start":{"line":39,"column":6},"end":{"line":55,"column":null}}]},"1":{"loc":{"start":{"line":40,"column":8},"end":{"line":53,"column":null}},"type":"switch","locations":[{"start":{"line":41,"column":10},"end":{"line":43,"column":null}},{"start":{"line":44,"column":10},"end":{"line":46,"column":null}},{"start":{"line":47,"column":10},"end":{"line":49,"column":null}},{"start":{"line":50,"column":10},"end":{"line":52,"column":null}}]},"2":{"loc":{"start":{"line":90,"column":4},"end":{"line":92,"column":null}},"type":"if","locations":[{"start":{"line":90,"column":4},"end":{"line":92,"column":null}}]},"3":{"loc":{"start":{"line":90,"column":8},"end":{"line":90,"column":54}},"type":"binary-expr","locations":[{"start":{"line":90,"column":8},"end":{"line":90,"column":29}},{"start":{"line":90,"column":33},"end":{"line":90,"column":54}}]},"4":{"loc":{"start":{"line":95,"column":4},"end":{"line":97,"column":null}},"type":"if","locations":[{"start":{"line":95,"column":4},"end":{"line":97,"column":null}}]},"5":{"loc":{"start":{"line":95,"column":8},"end":{"line":95,"column":58}},"type":"binary-expr","locations":[{"start":{"line":95,"column":8},"end":{"line":95,"column":30}},{"start":{"line":95,"column":34},"end":{"line":95,"column":58}}]},"6":{"loc":{"start":{"line":100,"column":4},"end":{"line":102,"column":null}},"type":"if","locations":[{"start":{"line":100,"column":4},"end":{"line":102,"column":null}}]},"7":{"loc":{"start":{"line":100,"column":8},"end":{"line":100,"column":51}},"type":"binary-expr","locations":[{"start":{"line":100,"column":8},"end":{"line":100,"column":26}},{"start":{"line":100,"column":30},"end":{"line":100,"column":51}}]},"8":{"loc":{"start":{"line":105,"column":4},"end":{"line":107,"column":null}},"type":"if","locations":[{"start":{"line":105,"column":4},"end":{"line":107,"column":null}}]},"9":{"loc":{"start":{"line":105,"column":8},"end":{"line":105,"column":56}},"type":"binary-expr","locations":[{"start":{"line":105,"column":8},"end":{"line":105,"column":31}},{"start":{"line":105,"column":35},"end":{"line":105,"column":56}}]}},"s":{"0":7,"1":68,"2":2,"3":7,"4":7,"5":7,"6":28,"7":4,"8":2,"9":2,"10":0,"11":0,"12":1,"13":1,"14":1,"15":1,"16":4,"17":7,"18":2,"19":36,"20":32,"21":5,"22":27,"23":11,"24":16,"25":1,"26":15,"27":6,"28":9},"f":{"0":7,"1":36,"2":32},"b":{"0":[4],"1":[2,0,1,1],"2":[5],"3":[32,27],"4":[11],"5":[27,12],"6":[1],"7":[16,1],"8":[6],"9":[15,6]}}
,"/Users/jay/Development/3DNProjects/sanitizer/src/lib/patterns.ts": {"path":"/Users/jay/Development/3DNProjects/sanitizer/src/lib/patterns.ts","statementMap":{"0":{"start":{"line":78,"column":13},"end":{"line":78,"column":29}},"1":{"start":{"line":1,"column":13},"end":{"line":1,"column":21}},"2":{"start":{"line":1,"column":24},"end":{"line":76,"column":null}},"3":{"start":{"line":78,"column":32},"end":{"line":96,"column":null}}},"fnMap":{},"branchMap":{},"s":{"0":10,"1":51,"2":2,"3":2},"f":{},"b":{}}
,"/Users/jay/Development/3DNProjects/sanitizer/src/lib/sanitizer.ts": {"path":"/Users/jay/Development/3DNProjects/sanitizer/src/lib/sanitizer.ts","statementMap":{"0":{"start":{"line":4,"column":13},"end":{"line":4,"column":null}},"1":{"start":{"line":1,"column":43},"end":{"line":1,"column":null}},"2":{"start":{"line":2,"column":47},"end":{"line":2,"column":null}},"3":{"start":{"line":8,"column":20},"end":{"line":8,"column":null}},"4":{"start":{"line":9,"column":4},"end":{"line":9,"column":null}},"5":{"start":{"line":10,"column":4},"end":{"line":10,"column":null}},"6":{"start":{"line":11,"column":4},"end":{"line":11,"column":null}},"7":{"start":{"line":12,"column":4},"end":{"line":12,"column":null}},"8":{"start":{"line":17,"column":4},"end":{"line":19,"column":null}},"9":{"start":{"line":22,"column":4},"end":{"line":24,"column":null}},"10":{"start":{"line":26,"column":4},"end":{"line":26,"column":null}},"11":{"start":{"line":30,"column":17},"end":{"line":30,"column":null}},"12":{"start":{"line":31,"column":4},"end":{"line":33,"column":null}},"13":{"start":{"line":32,"column":6},"end":{"line":32,"column":null}},"14":{"start":{"line":34,"column":4},"end":{"line":34,"column":null}},"15":{"start":{"line":38,"column":20},"end":{"line":38,"column":null}},"16":{"start":{"line":41,"column":25},"end":{"line":48,"column":null}},"17":{"start":{"line":50,"column":4},"end":{"line":61,"column":null}},"18":{"start":{"line":51,"column":23},"end":{"line":51,"column":66}},"19":{"start":{"line":52,"column":6},"end":{"line":60,"column":null}},"20":{"start":{"line":53,"column":8},"end":{"line":59,"column":null}},"21":{"start":{"line":54,"column":10},"end":{"line":56,"column":null}},"22":{"start":{"line":55,"column":12},"end":{"line":55,"column":null}},"23":{"start":{"line":58,"column":10},"end":{"line":58,"column":null}},"24":{"start":{"line":63,"column":4},"end":{"line":63,"column":null}},"25":{"start":{"line":67,"column":16},"end":{"line":67,"column":null}},"26":{"start":{"line":70,"column":4},"end":{"line":72,"column":null}},"27":{"start":{"line":71,"column":6},"end":{"line":71,"column":null}},"28":{"start":{"line":71,"column":41},"end":{"line":71,"column":61}},"29":{"start":{"line":74,"column":4},"end":{"line":76,"column":null}},"30":{"start":{"line":75,"column":6},"end":{"line":75,"column":null}},"31":{"start":{"line":75,"column":41},"end":{"line":75,"column":63}},"32":{"start":{"line":78,"column":4},"end":{"line":80,"column":null}},"33":{"start":{"line":79,"column":6},"end":{"line":79,"column":null}},"34":{"start":{"line":79,"column":41},"end":{"line":79,"column":64}},"35":{"start":{"line":82,"column":4},"end":{"line":100,"column":null}},"36":{"start":{"line":83,"column":6},"end":{"line":99,"column":null}},"37":{"start":{"line":85,"column":10},"end":{"line":85,"column":null}},"38":{"start":{"line":87,"column":10},"end":{"line":87,"column":null}},"39":{"start":{"line":89,"column":10},"end":{"line":89,"column":null}},"40":{"start":{"line":91,"column":10},"end":{"line":91,"column":null}},"41":{"start":{"line":93,"column":27},"end":{"line":93,"column":null}},"42":{"start":{"line":94,"column":26},"end":{"line":94,"column":null}},"43":{"start":{"line":95,"column":10},"end":{"line":95,"column":null}},"44":{"start":{"line":98,"column":10},"end":{"line":98,"column":null}},"45":{"start":{"line":105,"column":19},"end":{"line":105,"column":null}},"46":{"start":{"line":107,"column":4},"end":{"line":119,"column":null}},"47":{"start":{"line":108,"column":6},"end":{"line":108,"column":null}},"48":{"start":{"line":108,"column":37},"end":{"line":108,"column":null}},"49":{"start":{"line":110,"column":23},"end":{"line":110,"column":null}},"50":{"start":{"line":113,"column":6},"end":{"line":116,"column":null}},"51":{"start":{"line":114,"column":25},"end":{"line":114,"column":null}},"52":{"start":{"line":115,"column":8},"end":{"line":115,"column":null}},"53":{"start":{"line":118,"column":6},"end":{"line":118,"column":null}},"54":{"start":{"line":123,"column":4},"end":{"line":125,"column":null}},"55":{"start":{"line":124,"column":6},"end":{"line":124,"column":null}},"56":{"start":{"line":126,"column":4},"end":{"line":128,"column":null}},"57":{"start":{"line":127,"column":6},"end":{"line":127,"column":null}},"58":{"start":{"line":129,"column":4},"end":{"line":129,"column":null}},"59":{"start":{"line":133,"column":18},"end":{"line":133,"column":null}},"60":{"start":{"line":134,"column":4},"end":{"line":134,"column":null}},"61":{"start":{"line":135,"column":4},"end":{"line":135,"column":null}},"62":{"start":{"line":140,"column":4},"end":{"line":140,"column":null}},"63":{"start":{"line":5,"column":10},"end":{"line":5,"column":null}}},"fnMap":{"0":{"name":"(anonymous_1)","decl":{"start":{"line":7,"column":2},"end":{"line":7,"column":11}},"loc":{"start":{"line":7,"column":33},"end":{"line":13,"column":null}}},"1":{"name":"(anonymous_2)","decl":{"start":{"line":15,"column":10},"end":{"line":15,"column":25}},"loc":{"start":{"line":15,"column":47},"end":{"line":27,"column":null}}},"2":{"name":"(anonymous_3)","decl":{"start":{"line":29,"column":10},"end":{"line":29,"column":27}},"loc":{"start":{"line":29,"column":49},"end":{"line":35,"column":null}}},"3":{"name":"(anonymous_4)","decl":{"start":{"line":37,"column":10},"end":{"line":37,"column":35}},"loc":{"start":{"line":37,"column":57},"end":{"line":64,"column":null}}},"4":{"name":"(anonymous_5)","decl":{"start":{"line":54,"column":26},"end":{"line":54,"column":null}},"loc":{"start":{"line":54,"column":26},"end":{"line":56,"column":null}}},"5":{"name":"(anonymous_6)","decl":{"start":{"line":66,"column":10},"end":{"line":66,"column":23}},"loc":{"start":{"line":66,"column":94},"end":{"line":101,"column":null}}},"6":{"name":"(anonymous_7)","decl":{"start":{"line":71,"column":35},"end":{"line":71,"column":41}},"loc":{"start":{"line":71,"column":41},"end":{"line":71,"column":61}}},"7":{"name":"(anonymous_8)","decl":{"start":{"line":75,"column":35},"end":{"line":75,"column":41}},"loc":{"start":{"line":75,"column":41},"end":{"line":75,"column":63}}},"8":{"name":"(anonymous_9)","decl":{"start":{"line":79,"column":35},"end":{"line":79,"column":41}},"loc":{"start":{"line":79,"column":41},"end":{"line":79,"column":64}}},"9":{"name":"(anonymous_10)","decl":{"start":{"line":82,"column":33},"end":{"line":82,"column":34}},"loc":{"start":{"line":82,"column":34},"end":{"line":100,"column":null}}},"10":{"name":"(anonymous_11)","decl":{"start":{"line":103,"column":10},"end":{"line":103,"column":38}},"loc":{"start":{"line":103,"column":60},"end":{"line":120,"column":null}}},"11":{"name":"(anonymous_12)","decl":{"start":{"line":107,"column":22},"end":{"line":107,"column":null}},"loc":{"start":{"line":107,"column":22},"end":{"line":119,"column":7}}},"12":{"name":"(anonymous_13)","decl":{"start":{"line":122,"column":10},"end":{"line":122,"column":28}},"loc":{"start":{"line":122,"column":110},"end":{"line":130,"column":null}}},"13":{"name":"(anonymous_14)","decl":{"start":{"line":132,"column":10},"end":{"line":132,"column":30}},"loc":{"start":{"line":132,"column":71},"end":{"line":136,"column":null}}},"14":{"name":"(anonymous_15)","decl":{"start":{"line":138,"column":10},"end":{"line":138,"column":26}},"loc":{"start":{"line":138,"column":48},"end":{"line":141,"column":null}}}},"branchMap":{"0":{"loc":{"start":{"line":53,"column":8},"end":{"line":59,"column":null}},"type":"if","locations":[{"start":{"line":53,"column":8},"end":{"line":59,"column":null}},{"start":{"line":57,"column":15},"end":{"line":59,"column":null}}]},"1":{"loc":{"start":{"line":67,"column":17},"end":{"line":67,"column":70}},"type":"binary-expr","locations":[{"start":{"line":67,"column":17},"end":{"line":67,"column":65}},{"start":{"line":67,"column":65},"end":{"line":67,"column":70}}]},"2":{"loc":{"start":{"line":70,"column":4},"end":{"line":72,"column":null}},"type":"if","locations":[{"start":{"line":70,"column":4},"end":{"line":72,"column":null}}]},"3":{"loc":{"start":{"line":70,"column":8},"end":{"line":70,"column":60}},"type":"binary-expr","locations":[{"start":{"line":70,"column":8},"end":{"line":70,"column":41}},{"start":{"line":70,"column":41},"end":{"line":70,"column":60}}]},"4":{"loc":{"start":{"line":74,"column":4},"end":{"line":76,"column":null}},"type":"if","locations":[{"start":{"line":74,"column":4},"end":{"line":76,"column":null}}]},"5":{"loc":{"start":{"line":74,"column":8},"end":{"line":74,"column":60}},"type":"binary-expr","locations":[{"start":{"line":74,"column":8},"end":{"line":74,"column":43}},{"start":{"line":74,"column":43},"end":{"line":74,"column":60}}]},"6":{"loc":{"start":{"line":78,"column":4},"end":{"line":80,"column":null}},"type":"if","locations":[{"start":{"line":78,"column":4},"end":{"line":80,"column":null}}]},"7":{"loc":{"start":{"line":78,"column":8},"end":{"line":78,"column":64}},"type":"binary-expr","locations":[{"start":{"line":78,"column":8},"end":{"line":78,"column":44}},{"start":{"line":78,"column":44},"end":{"line":78,"column":64}}]},"8":{"loc":{"start":{"line":83,"column":6},"end":{"line":99,"column":null}},"type":"switch","locations":[{"start":{"line":84,"column":8},"end":{"line":85,"column":null}},{"start":{"line":86,"column":8},"end":{"line":87,"column":null}},{"start":{"line":88,"column":8},"end":{"line":89,"column":null}},{"start":{"line":90,"column":8},"end":{"line":91,"column":null}},{"start":{"line":92,"column":8},"end":{"line":96,"column":null}},{"start":{"line":97,"column":8},"end":{"line":98,"column":null}}]},"9":{"loc":{"start":{"line":95,"column":17},"end":{"line":95,"column":null}},"type":"cond-expr","locations":[{"start":{"line":95,"column":45},"end":{"line":95,"column":66}},{"start":{"line":95,"column":69},"end":{"line":95,"column":null}}]},"10":{"loc":{"start":{"line":108,"column":6},"end":{"line":108,"column":null}},"type":"if","locations":[{"start":{"line":108,"column":6},"end":{"line":108,"column":null}}]},"11":{"loc":{"start":{"line":113,"column":6},"end":{"line":116,"column":null}},"type":"if","locations":[{"start":{"line":113,"column":6},"end":{"line":116,"column":null}}]},"12":{"loc":{"start":{"line":123,"column":4},"end":{"line":125,"column":null}},"type":"if","locations":[{"start":{"line":123,"column":4},"end":{"line":125,"column":null}}]},"13":{"loc":{"start":{"line":123,"column":8},"end":{"line":123,"column":54}},"type":"binary-expr","locations":[{"start":{"line":123,"column":8},"end":{"line":123,"column":26}},{"start":{"line":123,"column":30},"end":{"line":123,"column":54}}]},"14":{"loc":{"start":{"line":126,"column":4},"end":{"line":128,"column":null}},"type":"if","locations":[{"start":{"line":126,"column":4},"end":{"line":128,"column":null}}]},"15":{"loc":{"start":{"line":133,"column":19},"end":{"line":133,"column":59}},"type":"binary-expr","locations":[{"start":{"line":133,"column":19},"end":{"line":133,"column":54}},{"start":{"line":133,"column":54},"end":{"line":133,"column":59}}]}},"s":{"0":6,"1":1,"2":1,"3":6,"4":6,"5":6,"6":6,"7":6,"8":6,"9":6,"10":6,"11":6,"12":6,"13":36,"14":6,"15":6,"16":6,"17":6,"18":36,"19":36,"20":126,"21":6,"22":24,"23":120,"24":6,"25":144,"26":144,"27":6,"28":1,"29":138,"30":6,"31":1,"32":132,"33":24,"34":2,"35":108,"36":5,"37":0,"38":1,"39":1,"40":0,"41":3,"42":3,"43":3,"44":0,"45":6,"46":6,"47":50,"48":23,"49":27,"50":27,"51":15,"52":15,"53":12,"54":15,"55":0,"56":15,"57":6,"58":9,"59":15,"60":15,"61":15,"62":6,"63":6},"f":{"0":6,"1":6,"2":6,"3":6,"4":24,"5":144,"6":1,"7":1,"8":2,"9":5,"10":6,"11":50,"12":15,"13":15,"14":6},"b":{"0":[6,120],"1":[144,144],"2":[6],"3":[144,18],"4":[6],"5":[138,18],"6":[24],"7":[132,36],"8":[0,1,1,0,3,0],"9":[0,3],"10":[23],"11":[15],"12":[0],"13":[15,0],"14":[6],"15":[15,5]}}
,"/Users/jay/Development/3DNProjects/sanitizer/src/pages/index.tsx": {"path":"/Users/jay/Development/3DNProjects/sanitizer/src/pages/index.tsx","statementMap":{"0":{"start":{"line":194,"column":0},"end":{"line":194,"column":15}},"1":{"start":{"line":1,"column":38},"end":{"line":1,"column":null}},"2":{"start":{"line":3,"column":28},"end":{"line":3,"column":null}},"3":{"start":{"line":5,"column":23},"end":{"line":192,"column":null}},"4":{"start":{"line":6,"column":40},"end":{"line":6,"column":null}},"5":{"start":{"line":7,"column":28},"end":{"line":7,"column":null}},"6":{"start":{"line":8,"column":30},"end":{"line":8,"column":null}},"7":{"start":{"line":9,"column":46},"end":{"line":9,"column":null}},"8":{"start":{"line":11,"column":27},"end":{"line":64,"column":null}},"9":{"start":{"line":12,"column":4},"end":{"line":15,"column":null}},"10":{"start":{"line":13,"column":6},"end":{"line":13,"column":null}},"11":{"start":{"line":14,"column":6},"end":{"line":14,"column":null}},"12":{"start":{"line":17,"column":4},"end":{"line":20,"column":null}},"13":{"start":{"line":18,"column":6},"end":{"line":18,"column":null}},"14":{"start":{"line":19,"column":6},"end":{"line":19,"column":null}},"15":{"start":{"line":22,"column":4},"end":{"line":63,"column":null}},"16":{"start":{"line":23,"column":6},"end":{"line":23,"column":null}},"17":{"start":{"line":24,"column":6},"end":{"line":24,"column":null}},"18":{"start":{"line":25,"column":6},"end":{"line":25,"column":null}},"19":{"start":{"line":27,"column":23},"end":{"line":27,"column":null}},"20":{"start":{"line":28,"column":6},"end":{"line":28,"column":null}},"21":{"start":{"line":30,"column":18},"end":{"line":30,"column":null}},"22":{"start":{"line":31,"column":6},"end":{"line":31,"column":null}},"23":{"start":{"line":33,"column":6},"end":{"line":38,"column":null}},"24":{"start":{"line":34,"column":8},"end":{"line":37,"column":null}},"25":{"start":{"line":35,"column":27},"end":{"line":35,"column":null}},"26":{"start":{"line":36,"column":10},"end":{"line":36,"column":null}},"27":{"start":{"line":40,"column":23},"end":{"line":55,"column":null}},"28":{"start":{"line":41,"column":8},"end":{"line":52,"column":null}},"29":{"start":{"line":42,"column":10},"end":{"line":51,"column":null}},"30":{"start":{"line":43,"column":12},"end":{"line":43,"column":null}},"31":{"start":{"line":45,"column":12},"end":{"line":50,"column":null}},"32":{"start":{"line":46,"column":28},"end":{"line":46,"column":null}},"33":{"start":{"line":47,"column":14},"end":{"line":47,"column":null}},"34":{"start":{"line":49,"column":14},"end":{"line":49,"column":null}},"35":{"start":{"line":53,"column":8},"end":{"line":53,"column":null}},"36":{"start":{"line":53,"column":28},"end":{"line":53,"column":null}},"37":{"start":{"line":54,"column":8},"end":{"line":54,"column":null}},"38":{"start":{"line":57,"column":6},"end":{"line":57,"column":null}},"39":{"start":{"line":59,"column":6},"end":{"line":59,"column":null}},"40":{"start":{"line":61,"column":6},"end":{"line":61,"column":null}},"41":{"start":{"line":62,"column":6},"end":{"line":62,"column":null}},"42":{"start":{"line":66,"column":17},"end":{"line":71,"column":null}},"43":{"start":{"line":67,"column":17},"end":{"line":67,"column":33}},"44":{"start":{"line":68,"column":4},"end":{"line":70,"column":null}},"45":{"start":{"line":69,"column":6},"end":{"line":69,"column":null}},"46":{"start":{"line":73,"column":56},"end":{"line":80,"column":null}},"47":{"start":{"line":153,"column":18},"end":{"line":153,"column":35}},"48":{"start":{"line":194,"column":15},"end":{"line":194,"column":null}}},"fnMap":{"0":{"name":"(anonymous_1)","decl":{"start":{"line":5,"column":23},"end":{"line":5,"column":null}},"loc":{"start":{"line":5,"column":23},"end":{"line":192,"column":null}}},"1":{"name":"(anonymous_2)","decl":{"start":{"line":11,"column":27},"end":{"line":11,"column":34}},"loc":{"start":{"line":11,"column":34},"end":{"line":64,"column":null}}},"2":{"name":"(anonymous_3)","decl":{"start":{"line":33,"column":30},"end":{"line":33,"column":31}},"loc":{"start":{"line":33,"column":31},"end":{"line":38,"column":null}}},"3":{"name":"(anonymous_4)","decl":{"start":{"line":40,"column":41},"end":{"line":40,"column":42}},"loc":{"start":{"line":40,"column":51},"end":{"line":55,"column":null}}},"4":{"name":"(anonymous_5)","decl":{"start":{"line":41,"column":21},"end":{"line":41,"column":null}},"loc":{"start":{"line":41,"column":21},"end":{"line":52,"column":null}}},"5":{"name":"(anonymous_6)","decl":{"start":{"line":53,"column":22},"end":{"line":53,"column":28}},"loc":{"start":{"line":53,"column":28},"end":{"line":53,"column":null}}},"6":{"name":"(anonymous_7)","decl":{"start":{"line":66,"column":29},"end":{"line":66,"column":36}},"loc":{"start":{"line":66,"column":36},"end":{"line":71,"column":5}}},"7":{"name":"(anonymous_8)","decl":{"start":{"line":152,"column":36},"end":{"line":152,"column":37}},"loc":{"start":{"line":153,"column":18},"end":{"line":153,"column":35}}}},"branchMap":{"0":{"loc":{"start":{"line":12,"column":4},"end":{"line":15,"column":null}},"type":"if","locations":[{"start":{"line":12,"column":4},"end":{"line":15,"column":null}}]},"1":{"loc":{"start":{"line":17,"column":4},"end":{"line":20,"column":null}},"type":"if","locations":[{"start":{"line":17,"column":4},"end":{"line":20,"column":null}}]},"2":{"loc":{"start":{"line":34,"column":8},"end":{"line":37,"column":null}},"type":"if","locations":[{"start":{"line":34,"column":8},"end":{"line":37,"column":null}}]},"3":{"loc":{"start":{"line":42,"column":10},"end":{"line":51,"column":null}},"type":"if","locations":[{"start":{"line":42,"column":10},"end":{"line":51,"column":null}},{"start":{"line":44,"column":17},"end":{"line":51,"column":null}}]},"4":{"loc":{"start":{"line":59,"column":15},"end":{"line":59,"column":null}},"type":"cond-expr","locations":[{"start":{"line":59,"column":38},"end":{"line":59,"column":49}},{"start":{"line":59,"column":52},"end":{"line":59,"column":null}}]},"5":{"loc":{"start":{"line":68,"column":4},"end":{"line":70,"column":null}},"type":"if","locations":[{"start":{"line":68,"column":4},"end":{"line":70,"column":null}}]},"6":{"loc":{"start":{"line":92,"column":35},"end":{"line":92,"column":73}},"type":"cond-expr","locations":[{"start":{"line":92,"column":50},"end":{"line":92,"column":70}},{"start":{"line":92,"column":70},"end":{"line":92,"column":73}}]},"7":{"loc":{"start":{"line":98,"column":17},"end":{"line":100,"column":null}},"type":"cond-expr","locations":[{"start":{"line":99,"column":20},"end":{"line":99,"column":null}},{"start":{"line":100,"column":20},"end":{"line":100,"column":null}}]},"8":{"loc":{"start":{"line":108,"column":11},"end":{"line":108,"column":null}},"type":"binary-expr","locations":[{"start":{"line":108,"column":11},"end":{"line":108,"column":null}}]},"9":{"loc":{"start":{"line":122,"column":11},"end":{"line":122,"column":null}},"type":"binary-expr","locations":[{"start":{"line":122,"column":11},"end":{"line":122,"column":null}}]},"10":{"loc":{"start":{"line":128,"column":11},"end":{"line":128,"column":null}},"type":"binary-expr","locations":[{"start":{"line":128,"column":11},"end":{"line":128,"column":null}}]}},"s":{"0":0,"1":0,"2":0,"3":0,"4":0,"5":0,"6":0,"7":0,"8":0,"9":0,"10":0,"11":0,"12":0,"13":0,"14":0,"15":0,"16":0,"17":0,"18":0,"19":0,"20":0,"21":0,"22":0,"23":0,"24":0,"25":0,"26":0,"27":0,"28":0,"29":0,"30":0,"31":0,"32":0,"33":0,"34":0,"35":0,"36":0,"37":0,"38":0,"39":0,"40":0,"41":0,"42":0,"43":0,"44":0,"45":0,"46":0,"47":0,"48":0},"f":{"0":0,"1":0,"2":0,"3":0,"4":0,"5":0,"6":0,"7":0},"b":{"0":[0],"1":[0],"2":[0],"3":[0,0],"4":[0,0],"5":[0],"6":[0,0],"7":[0,0],"8":[0],"9":[0],"10":[0]}}
,"/Users/jay/Development/3DNProjects/sanitizer/src/pages/api/process.ts": {"path":"/Users/jay/Development/3DNProjects/sanitizer/src/pages/api/process.ts","statementMap":{"0":{"start":{"line":170,"column":13},"end":{"line":170,"column":19}},"1":{"start":{"line":60,"column":30},"end":{"line":60,"column":null}},"2":{"start":{"line":2,"column":22},"end":{"line":2,"column":null}},"3":{"start":{"line":3,"column":29},"end":{"line":3,"column":null}},"4":{"start":{"line":4,"column":22},"end":{"line":4,"column":null}},"5":{"start":{"line":5,"column":31},"end":{"line":5,"column":null}},"6":{"start":{"line":6,"column":17},"end":{"line":6,"column":null}},"7":{"start":{"line":7,"column":15},"end":{"line":7,"column":null}},"8":{"start":{"line":8,"column":23},"end":{"line":8,"column":null}},"9":{"start":{"line":10,"column":33},"end":{"line":10,"column":null}},"10":{"start":{"line":18,"column":18},"end":{"line":18,"column":null}},"11":{"start":{"line":19,"column":4},"end":{"line":19,"column":null}},"12":{"start":{"line":25,"column":23},"end":{"line":25,"column":null}},"13":{"start":{"line":26,"column":22},"end":{"line":26,"column":null}},"14":{"start":{"line":27,"column":16},"end":{"line":27,"column":null}},"15":{"start":{"line":28,"column":4},"end":{"line":28,"column":null}},"16":{"start":{"line":64,"column":2},"end":{"line":71,"column":null}},"17":{"start":{"line":65,"column":4},"end":{"line":70,"column":null}},"18":{"start":{"line":73,"column":2},"end":{"line":167,"column":null}},"19":{"start":{"line":74,"column":22},"end":{"line":74,"column":null}},"20":{"start":{"line":75,"column":17},"end":{"line":79,"column":null}},"21":{"start":{"line":78,"column":24},"end":{"line":78,"column":null}},"22":{"start":{"line":82,"column":28},"end":{"line":82,"column":null}},"23":{"start":{"line":83,"column":25},"end":{"line":83,"column":40}},"24":{"start":{"line":85,"column":4},"end":{"line":92,"column":null}},"25":{"start":{"line":86,"column":6},"end":{"line":91,"column":null}},"26":{"start":{"line":95,"column":20},"end":{"line":95,"column":null}},"27":{"start":{"line":96,"column":20},"end":{"line":96,"column":41}},"28":{"start":{"line":99,"column":16},"end":{"line":99,"column":null}},"29":{"start":{"line":100,"column":20},"end":{"line":100,"column":null}},"30":{"start":{"line":102,"column":4},"end":{"line":111,"column":null}},"31":{"start":{"line":103,"column":6},"end":{"line":103,"column":null}},"32":{"start":{"line":104,"column":6},"end":{"line":104,"column":null}},"33":{"start":{"line":105,"column":6},"end":{"line":110,"column":null}},"34":{"start":{"line":113,"column":22},"end":{"line":113,"column":null}},"35":{"start":{"line":114,"column":20},"end":{"line":114,"column":22}},"36":{"start":{"line":115,"column":30},"end":{"line":115,"column":null}},"37":{"start":{"line":117,"column":4},"end":{"line":145,"column":null}},"38":{"start":{"line":118,"column":23},"end":{"line":118,"column":null}},"39":{"start":{"line":119,"column":6},"end":{"line":119,"column":null}},"40":{"start":{"line":119,"column":68},"end":{"line":119,"column":null}},"41":{"start":{"line":121,"column":22},"end":{"line":121,"column":null}},"42":{"start":{"line":122,"column":34},"end":{"line":124,"column":null}},"43":{"start":{"line":126,"column":19},"end":{"line":126,"column":null}},"44":{"start":{"line":128,"column":6},"end":{"line":144,"column":null}},"45":{"start":{"line":129,"column":26},"end":{"line":129,"column":null}},"46":{"start":{"line":130,"column":31},"end":{"line":130,"column":null}},"47":{"start":{"line":132,"column":8},"end":{"line":141,"column":null}},"48":{"start":{"line":143,"column":8},"end":{"line":143,"column":null}},"49":{"start":{"line":147,"column":4},"end":{"line":147,"column":null}},"50":{"start":{"line":148,"column":4},"end":{"line":148,"column":null}},"51":{"start":{"line":150,"column":20},"end":{"line":150,"column":null}},"52":{"start":{"line":151,"column":4},"end":{"line":158,"column":null}},"53":{"start":{"line":160,"column":4},"end":{"line":160,"column":null}},"54":{"start":{"line":161,"column":4},"end":{"line":166,"column":null}},"55":{"start":{"line":170,"column":22},"end":{"line":174,"column":null}}},"fnMap":{"0":{"name":"(anonymous_4)","decl":{"start":{"line":17,"column":2},"end":{"line":17,"column":8}},"loc":{"start":{"line":17,"column":55},"end":{"line":20,"column":null}}},"1":{"name":"(anonymous_5)","decl":{"start":{"line":24,"column":2},"end":{"line":24,"column":8}},"loc":{"start":{"line":24,"column":55},"end":{"line":29,"column":null}}},"2":{"name":"handler","decl":{"start":{"line":60,"column":30},"end":{"line":60,"column":null}},"loc":{"start":{"line":62,"column":55},"end":{"line":168,"column":1}}},"3":{"name":"(anonymous_7)","decl":{"start":{"line":78,"column":14},"end":{"line":78,"column":15}},"loc":{"start":{"line":78,"column":24},"end":{"line":78,"column":null}}}},"branchMap":{"0":{"loc":{"start":{"line":19,"column":11},"end":{"line":19,"column":null}},"type":"binary-expr","locations":[{"start":{"line":19,"column":11},"end":{"line":19,"column":21}},{"start":{"line":19,"column":25},"end":{"line":19,"column":null}}]},"1":{"loc":{"start":{"line":28,"column":11},"end":{"line":28,"column":null}},"type":"binary-expr","locations":[{"start":{"line":28,"column":11},"end":{"line":28,"column":19}},{"start":{"line":28,"column":23},"end":{"line":28,"column":null}}]},"2":{"loc":{"start":{"line":64,"column":2},"end":{"line":71,"column":null}},"type":"if","locations":[{"start":{"line":64,"column":2},"end":{"line":71,"column":null}}]},"3":{"loc":{"start":{"line":85,"column":4},"end":{"line":92,"column":null}},"type":"if","locations":[{"start":{"line":85,"column":4},"end":{"line":92,"column":null}}]},"4":{"loc":{"start":{"line":102,"column":4},"end":{"line":111,"column":null}},"type":"if","locations":[{"start":{"line":102,"column":4},"end":{"line":111,"column":null}}]},"5":{"loc":{"start":{"line":119,"column":6},"end":{"line":119,"column":null}},"type":"if","locations":[{"start":{"line":119,"column":6},"end":{"line":119,"column":null}}]},"6":{"loc":{"start":{"line":119,"column":10},"end":{"line":119,"column":68}},"type":"binary-expr","locations":[{"start":{"line":119,"column":10},"end":{"line":119,"column":40}},{"start":{"line":119,"column":40},"end":{"line":119,"column":68}}]},"7":{"loc":{"start":{"line":122,"column":34},"end":{"line":124,"column":null}},"type":"cond-expr","locations":[{"start":{"line":123,"column":10},"end":{"line":123,"column":null}},{"start":{"line":124,"column":10},"end":{"line":124,"column":null}}]},"8":{"loc":{"start":{"line":128,"column":6},"end":{"line":144,"column":null}},"type":"if","locations":[{"start":{"line":128,"column":6},"end":{"line":144,"column":null}}]},"9":{"loc":{"start":{"line":130,"column":31},"end":{"line":130,"column":null}},"type":"binary-expr","locations":[{"start":{"line":130,"column":31},"end":{"line":130,"column":70}},{"start":{"line":130,"column":70},"end":{"line":130,"column":null}}]},"10":{"loc":{"start":{"line":137,"column":23},"end":{"line":137,"column":null}},"type":"cond-expr","locations":[{"start":{"line":137,"column":51},"end":{"line":137,"column":59}},{"start":{"line":137,"column":59},"end":{"line":137,"column":null}}]},"11":{"loc":{"start":{"line":164,"column":17},"end":{"line":164,"column":null}},"type":"cond-expr","locations":[{"start":{"line":164,"column":42},"end":{"line":164,"column":55}},{"start":{"line":164,"column":58},"end":{"line":164,"column":null}}]}},"s":{"0":0,"1":0,"2":0,"3":0,"4":0,"5":0,"6":0,"7":0,"8":0,"9":0,"10":0,"11":0,"12":0,"13":0,"14":0,"15":0,"16":0,"17":0,"18":0,"19":0,"20":0,"21":0,"22":0,"23":0,"24":0,"25":0,"26":0,"27":0,"28":0,"29":0,"30":0,"31":0,"32":0,"33":0,"34":0,"35":0,"36":0,"37":0,"38":0,"39":0,"40":0,"41":0,"42":0,"43":0,"44":0,"45":0,"46":0,"47":0,"48":0,"49":0,"50":0,"51":0,"52":0,"53":0,"54":0,"55":0},"f":{"0":0,"1":0,"2":0,"3":0},"b":{"0":[0,0],"1":[0,0],"2":[0],"3":[0],"4":[0],"5":[0],"6":[0,0],"7":[0,0],"8":[0],"9":[0,0],"10":[0,0],"11":[0,0]}}
}
