TN:
SF:src/lib/analyzers.ts
FN:24,(anonymous_3)
FN:78,(anonymous_4)
FN:88,(anonymous_5)
FNF:3
FNH:3
FNDA:7,(anonymous_3)
FNDA:36,(anonymous_4)
FNDA:32,(anonymous_5)
DA:16,7
DA:17,2
DA:25,7
DA:30,7
DA:38,7
DA:39,28
DA:40,4
DA:42,2
DA:43,2
DA:45,0
DA:46,0
DA:48,1
DA:49,1
DA:51,1
DA:52,1
DA:54,4
DA:58,7
DA:62,68
DA:63,2
DA:79,36
DA:90,32
DA:91,5
DA:95,27
DA:96,11
DA:100,16
DA:101,1
DA:105,15
DA:106,6
DA:109,9
LF:29
LH:27
BRDA:39,0,0,4
BRDA:40,1,0,2
BRDA:40,1,1,0
BRDA:40,1,2,1
BRDA:40,1,3,1
BRDA:90,2,0,5
BRDA:90,3,0,32
BRDA:90,3,1,27
BRDA:95,4,0,11
BRDA:95,5,0,27
BRDA:95,5,1,12
BRDA:100,6,0,1
BRDA:100,7,0,16
BRDA:100,7,1,1
BRDA:105,8,0,6
BRDA:105,9,0,15
BRDA:105,9,1,6
BRF:17
BRH:16
end_of_record
TN:
SF:src/lib/patterns.ts
FNF:0
FNH:0
DA:1,51
DA:78,10
LF:2
LH:2
BRF:0
BRH:0
end_of_record
TN:
SF:src/lib/sanitizer.ts
FN:7,(anonymous_1)
FN:15,(anonymous_2)
FN:29,(anonymous_3)
FN:37,(anonymous_4)
FN:54,(anonymous_5)
FN:66,(anonymous_6)
FN:71,(anonymous_7)
FN:75,(anonymous_8)
FN:79,(anonymous_9)
FN:82,(anonymous_10)
FN:103,(anonymous_11)
FN:107,(anonymous_12)
FN:122,(anonymous_13)
FN:132,(anonymous_14)
FN:138,(anonymous_15)
FNF:15
FNH:15
FNDA:6,(anonymous_1)
FNDA:6,(anonymous_2)
FNDA:6,(anonymous_3)
FNDA:6,(anonymous_4)
FNDA:24,(anonymous_5)
FNDA:144,(anonymous_6)
FNDA:1,(anonymous_7)
FNDA:1,(anonymous_8)
FNDA:2,(anonymous_9)
FNDA:5,(anonymous_10)
FNDA:6,(anonymous_11)
FNDA:50,(anonymous_12)
FNDA:15,(anonymous_13)
FNDA:15,(anonymous_14)
FNDA:6,(anonymous_15)
DA:1,1
DA:2,1
DA:4,6
DA:5,6
DA:8,6
DA:9,6
DA:10,6
DA:11,6
DA:12,6
DA:17,6
DA:22,6
DA:26,6
DA:30,6
DA:31,6
DA:32,36
DA:34,6
DA:38,6
DA:41,6
DA:50,6
DA:51,36
DA:52,36
DA:53,126
DA:54,6
DA:55,24
DA:58,120
DA:63,6
DA:67,144
DA:70,144
DA:71,6
DA:74,138
DA:75,6
DA:78,132
DA:79,24
DA:82,108
DA:83,5
DA:85,0
DA:87,1
DA:89,1
DA:91,0
DA:93,3
DA:94,3
DA:95,3
DA:98,0
DA:105,6
DA:107,6
DA:108,50
DA:110,27
DA:113,27
DA:114,15
DA:115,15
DA:118,12
DA:123,15
DA:124,0
DA:126,15
DA:127,6
DA:129,9
DA:133,15
DA:134,15
DA:135,15
DA:140,6
LF:60
LH:56
BRDA:53,0,0,6
BRDA:53,0,1,120
BRDA:67,1,0,144
BRDA:67,1,1,144
BRDA:70,2,0,6
BRDA:70,3,0,144
BRDA:70,3,1,18
BRDA:74,4,0,6
BRDA:74,5,0,138
BRDA:74,5,1,18
BRDA:78,6,0,24
BRDA:78,7,0,132
BRDA:78,7,1,36
BRDA:83,8,0,0
BRDA:83,8,1,1
BRDA:83,8,2,1
BRDA:83,8,3,0
BRDA:83,8,4,3
BRDA:83,8,5,0
BRDA:95,9,0,0
BRDA:95,9,1,3
BRDA:108,10,0,23
BRDA:113,11,0,15
BRDA:123,12,0,0
BRDA:123,13,0,15
BRDA:123,13,1,0
BRDA:126,14,0,6
BRDA:133,15,0,15
BRDA:133,15,1,5
BRF:29
BRH:23
end_of_record
TN:
SF:src/pages/index.tsx
FN:5,(anonymous_1)
FN:11,(anonymous_2)
FN:33,(anonymous_3)
FN:40,(anonymous_4)
FN:41,(anonymous_5)
FN:53,(anonymous_6)
FN:66,(anonymous_7)
FN:152,(anonymous_8)
FNF:8
FNH:0
FNDA:0,(anonymous_1)
FNDA:0,(anonymous_2)
FNDA:0,(anonymous_3)
FNDA:0,(anonymous_4)
FNDA:0,(anonymous_5)
FNDA:0,(anonymous_6)
FNDA:0,(anonymous_7)
FNDA:0,(anonymous_8)
DA:1,0
DA:3,0
DA:5,0
DA:6,0
DA:7,0
DA:8,0
DA:9,0
DA:11,0
DA:12,0
DA:13,0
DA:14,0
DA:17,0
DA:18,0
DA:19,0
DA:22,0
DA:23,0
DA:24,0
DA:25,0
DA:27,0
DA:28,0
DA:30,0
DA:31,0
DA:33,0
DA:34,0
DA:35,0
DA:36,0
DA:40,0
DA:41,0
DA:42,0
DA:43,0
DA:45,0
DA:46,0
DA:47,0
DA:49,0
DA:53,0
DA:54,0
DA:57,0
DA:59,0
DA:61,0
DA:62,0
DA:66,0
DA:67,0
DA:68,0
DA:69,0
DA:73,0
DA:153,0
DA:194,0
LF:47
LH:0
BRDA:12,0,0,0
BRDA:17,1,0,0
BRDA:34,2,0,0
BRDA:42,3,0,0
BRDA:42,3,1,0
BRDA:59,4,0,0
BRDA:59,4,1,0
BRDA:68,5,0,0
BRDA:92,6,0,0
BRDA:92,6,1,0
BRDA:98,7,0,0
BRDA:98,7,1,0
BRDA:108,8,0,0
BRDA:122,9,0,0
BRDA:128,10,0,0
BRF:15
BRH:0
end_of_record
TN:
SF:src/pages/api/process.ts
FN:17,(anonymous_4)
FN:24,(anonymous_5)
FN:60,handler
FN:78,(anonymous_7)
FNF:4
FNH:0
FNDA:0,(anonymous_4)
FNDA:0,(anonymous_5)
FNDA:0,handler
FNDA:0,(anonymous_7)
DA:2,0
DA:3,0
DA:4,0
DA:5,0
DA:6,0
DA:7,0
DA:8,0
DA:10,0
DA:18,0
DA:19,0
DA:25,0
DA:26,0
DA:27,0
DA:28,0
DA:60,0
DA:64,0
DA:65,0
DA:73,0
DA:74,0
DA:75,0
DA:78,0
DA:82,0
DA:83,0
DA:85,0
DA:86,0
DA:95,0
DA:96,0
DA:99,0
DA:100,0
DA:102,0
DA:103,0
DA:104,0
DA:105,0
DA:113,0
DA:114,0
DA:115,0
DA:117,0
DA:118,0
DA:119,0
DA:121,0
DA:122,0
DA:126,0
DA:128,0
DA:129,0
DA:130,0
DA:132,0
DA:143,0
DA:147,0
DA:148,0
DA:150,0
DA:151,0
DA:160,0
DA:161,0
DA:170,0
LF:54
LH:0
BRDA:19,0,0,0
BRDA:19,0,1,0
BRDA:28,1,0,0
BRDA:28,1,1,0
BRDA:64,2,0,0
BRDA:85,3,0,0
BRDA:102,4,0,0
BRDA:119,5,0,0
BRDA:119,6,0,0
BRDA:119,6,1,0
BRDA:122,7,0,0
BRDA:122,7,1,0
BRDA:128,8,0,0
BRDA:130,9,0,0
BRDA:130,9,1,0
BRDA:137,10,0,0
BRDA:137,10,1,0
BRDA:164,11,0,0
BRDA:164,11,1,0
BRF:19
BRH:0
end_of_record
